<?xml version="1.0" encoding="UTF-8"?>
<testng-results ignored="0" total="7" passed="7" failed="0" skipped="0">
  <reporter-output>
  </reporter-output>
  <suite started-at="2024-12-27T06:30:34 CST" name="Default suite" finished-at="2024-12-27T06:31:34 CST" duration-ms="59572">
    <groups>
    </groups>
    <test started-at="2024-12-27T06:30:34 CST" name="Default test" finished-at="2024-12-27T06:31:34 CST" duration-ms="59572">
      <class name="Twelve_tone.login">
        <test-method is-config="true" signature="setup()[pri:0, instance:Twelve_tone.login@4082ba93]" started-at="2024-12-27T06:30:34 CST" name="setup" finished-at="2024-12-27T06:30:42 CST" duration-ms="8117" status="PASS">
          <reporter-output>
          </reporter-output>
        </test-method> <!-- setup -->
        <test-method signature="Login_with_Blanks_fields()[pri:1, instance:Twelve_tone.login@4082ba93]" started-at="2024-12-27T06:30:42 CST" name="Login_with_Blanks_fields" finished-at="2024-12-27T06:30:43 CST" duration-ms="799" status="PASS">
          <reporter-output>
          </reporter-output>
        </test-method> <!-- Login_with_Blanks_fields -->
        <test-method is-config="true" signature="cleanUp()[pri:0, instance:Twelve_tone.login@4082ba93]" started-at="2024-12-27T06:30:43 CST" name="cleanUp" finished-at="2024-12-27T06:30:43 CST" duration-ms="1" status="PASS">
          <reporter-output>
          </reporter-output>
        </test-method> <!-- cleanUp -->
        <test-method is-config="true" signature="setup()[pri:0, instance:Twelve_tone.login@4082ba93]" started-at="2024-12-27T06:30:43 CST" name="setup" finished-at="2024-12-27T06:30:50 CST" duration-ms="6936" status="PASS">
          <reporter-output>
          </reporter-output>
        </test-method> <!-- setup -->
        <test-method signature="Blank_email_valid_Password()[pri:2, instance:Twelve_tone.login@4082ba93]" started-at="2024-12-27T06:30:50 CST" name="Blank_email_valid_Password" finished-at="2024-12-27T06:30:51 CST" duration-ms="861" status="PASS">
          <reporter-output>
          </reporter-output>
        </test-method> <!-- Blank_email_valid_Password -->
        <test-method is-config="true" signature="cleanUp()[pri:0, instance:Twelve_tone.login@4082ba93]" started-at="2024-12-27T06:30:51 CST" name="cleanUp" finished-at="2024-12-27T06:30:51 CST" duration-ms="0" status="PASS">
          <reporter-output>
          </reporter-output>
        </test-method> <!-- cleanUp -->
        <test-method is-config="true" signature="setup()[pri:0, instance:Twelve_tone.login@4082ba93]" started-at="2024-12-27T06:30:51 CST" name="setup" finished-at="2024-12-27T06:30:58 CST" duration-ms="7033" status="PASS">
          <reporter-output>
          </reporter-output>
        </test-method> <!-- setup -->
        <test-method signature="Blank_email_Invalid_Password()[pri:3, instance:Twelve_tone.login@4082ba93]" started-at="2024-12-27T06:30:58 CST" name="Blank_email_Invalid_Password" finished-at="2024-12-27T06:30:59 CST" duration-ms="821" status="PASS">
          <reporter-output>
          </reporter-output>
        </test-method> <!-- Blank_email_Invalid_Password -->
        <test-method is-config="true" signature="cleanUp()[pri:0, instance:Twelve_tone.login@4082ba93]" started-at="2024-12-27T06:30:59 CST" name="cleanUp" finished-at="2024-12-27T06:30:59 CST" duration-ms="0" status="PASS">
          <reporter-output>
          </reporter-output>
        </test-method> <!-- cleanUp -->
        <test-method is-config="true" signature="setup()[pri:0, instance:Twelve_tone.login@4082ba93]" started-at="2024-12-27T06:30:59 CST" name="setup" finished-at="2024-12-27T06:31:07 CST" duration-ms="8010" status="PASS">
          <reporter-output>
          </reporter-output>
        </test-method> <!-- setup -->
        <test-method signature="Valid_email_Blank_Password()[pri:4, instance:Twelve_tone.login@4082ba93]" started-at="2024-12-27T06:31:07 CST" name="Valid_email_Blank_Password" finished-at="2024-12-27T06:31:08 CST" duration-ms="1004" status="PASS">
          <reporter-output>
          </reporter-output>
        </test-method> <!-- Valid_email_Blank_Password -->
        <test-method is-config="true" signature="cleanUp()[pri:0, instance:Twelve_tone.login@4082ba93]" started-at="2024-12-27T06:31:08 CST" name="cleanUp" finished-at="2024-12-27T06:31:08 CST" duration-ms="1" status="PASS">
          <reporter-output>
          </reporter-output>
        </test-method> <!-- cleanUp -->
        <test-method is-config="true" signature="setup()[pri:0, instance:Twelve_tone.login@4082ba93]" started-at="2024-12-27T06:31:08 CST" name="setup" finished-at="2024-12-27T06:31:15 CST" duration-ms="6867" status="PASS">
          <reporter-output>
          </reporter-output>
        </test-method> <!-- setup -->
        <test-method signature="Invalid_email_Blank_Password()[pri:5, instance:Twelve_tone.login@4082ba93]" started-at="2024-12-27T06:31:15 CST" name="Invalid_email_Blank_Password" finished-at="2024-12-27T06:31:16 CST" duration-ms="863" status="PASS">
          <reporter-output>
          </reporter-output>
        </test-method> <!-- Invalid_email_Blank_Password -->
        <test-method is-config="true" signature="cleanUp()[pri:0, instance:Twelve_tone.login@4082ba93]" started-at="2024-12-27T06:31:16 CST" name="cleanUp" finished-at="2024-12-27T06:31:16 CST" duration-ms="0" status="PASS">
          <reporter-output>
          </reporter-output>
        </test-method> <!-- cleanUp -->
        <test-method is-config="true" signature="setup()[pri:0, instance:Twelve_tone.login@4082ba93]" started-at="2024-12-27T06:31:16 CST" name="setup" finished-at="2024-12-27T06:31:22 CST" duration-ms="6267" status="PASS">
          <reporter-output>
          </reporter-output>
        </test-method> <!-- setup -->
        <test-method signature="Invalid_Email_and_password()[pri:6, instance:Twelve_tone.login@4082ba93]" started-at="2024-12-27T06:31:22 CST" name="Invalid_Email_and_password" finished-at="2024-12-27T06:31:24 CST" duration-ms="1916" status="PASS">
          <reporter-output>
          </reporter-output>
        </test-method> <!-- Invalid_Email_and_password -->
        <test-method is-config="true" signature="cleanUp()[pri:0, instance:Twelve_tone.login@4082ba93]" started-at="2024-12-27T06:31:24 CST" name="cleanUp" finished-at="2024-12-27T06:31:24 CST" duration-ms="0" status="PASS">
          <reporter-output>
          </reporter-output>
        </test-method> <!-- cleanUp -->
        <test-method is-config="true" signature="setup()[pri:0, instance:Twelve_tone.login@4082ba93]" started-at="2024-12-27T06:31:24 CST" name="setup" finished-at="2024-12-27T06:31:31 CST" duration-ms="7124" status="PASS">
          <reporter-output>
          </reporter-output>
        </test-method> <!-- setup -->
        <test-method signature="valid_login()[pri:7, instance:Twelve_tone.login@4082ba93]" started-at="2024-12-27T06:31:31 CST" name="valid_login" finished-at="2024-12-27T06:31:34 CST" duration-ms="2901" status="PASS">
          <reporter-output>
          </reporter-output>
        </test-method> <!-- valid_login -->
        <test-method is-config="true" signature="cleanUp()[pri:0, instance:Twelve_tone.login@4082ba93]" started-at="2024-12-27T06:31:34 CST" name="cleanUp" finished-at="2024-12-27T06:31:34 CST" duration-ms="0" status="PASS">
          <reporter-output>
          </reporter-output>
        </test-method> <!-- cleanUp -->
      </class> <!-- Twelve_tone.login -->
    </test> <!-- Default test -->
  </suite> <!-- Default suite -->
</testng-results>
