<?xml version="1.0" encoding="UTF-8"?>
<!-- Generated by org.testng.reporters.JUnitXMLReporter -->
<testsuite ignored="0" hostname="DESKTOP-UBHKPAU" failures="0" tests="7" name="Default test" time="59.572" errors="0" timestamp="2024-12-27T06:31:34 CST">
  <testcase classname="Twelve_tone.login" name="Login_with_Blanks_fields" time="0.799"/>
  <testcase classname="Twelve_tone.login" name="Blank_email_valid_Password" time="0.861"/>
  <testcase classname="Twelve_tone.login" name="Blank_email_Invalid_Password" time="0.821"/>
  <testcase classname="Twelve_tone.login" name="Valid_email_Blank_Password" time="1.004"/>
  <testcase classname="Twelve_tone.login" name="Invalid_email_Blank_Password" time="0.863"/>
  <testcase classname="Twelve_tone.login" name="Invalid_Email_and_password" time="1.916"/>
  <testcase classname="Twelve_tone.login" name="valid_login" time="2.901"/>
</testsuite> <!-- Default test -->
